<?xml version="1.0" encoding="UTF-8"?>
<!-- Generated by org.testng.reporters.JUnitXMLReporter -->
<testsuite ignored="0" hostname="Yogesh" failures="0" tests="27" name="SauceDemo Functional Tests" time="77.437" errors="0" timestamp="2026-05-11T08:40:50 IST">
  <testcase classname="com.shopbot.tests.AuthenticationTests" name="verifyEmptyUsernameAndPasswordShowsError" time="0.578"/>
  <testcase classname="com.shopbot.tests.AuthenticationTests" name="verifyLockedOutUserSeesCorrectError" time="0.61"/>
  <testcase classname="com.shopbot.tests.AuthenticationTests" name="verifyLoginWithMultipleUserTypes" time="0.511"/>
  <testcase classname="com.shopbot.tests.AuthenticationTests" name="verifyLoginWithMultipleUserTypes" time="0.401"/>
  <testcase classname="com.shopbot.tests.AuthenticationTests" name="verifyLoginWithMultipleUserTypes" time="0.495"/>
  <testcase classname="com.shopbot.tests.AuthenticationTests" name="verifyLogoutRedirectsToLoginPage" time="1.212"/>
  <testcase classname="com.shopbot.tests.AuthenticationTests" name="verifySuccessfulLoginWithStandardUser" time="0.531"/>
  <testcase classname="com.shopbot.tests.ProductTests" name="verifyBackNavigationFromProductDetailReturnsToProductListing" time="0.668"/>
  <testcase classname="com.shopbot.tests.ProductTests" name="verifyProductDetailNameAndPriceMatchListing" time="0.847"/>
  <testcase classname="com.shopbot.tests.ProductTests" name="verifyProductListingShowsProducts" time="0.544"/>
  <testcase classname="com.shopbot.tests.ProductTests" name="verifySortProductsByNameAToZ" time="0.621"/>
  <testcase classname="com.shopbot.tests.ProductTests" name="verifySortProductsByPriceLowToHigh" time="0.683"/>
  <testcase classname="com.shopbot.tests.CartTests" name="verifyAddOneProductUpdatesCartBadgeToOne" time="0.66"/>
  <testcase classname="com.shopbot.tests.CartTests" name="verifyAddTwoProductsUpdatesCartBadgeToTwo" time="0.846"/>
  <testcase classname="com.shopbot.tests.CartTests" name="verifyCartPageShowsAddedProductName" time="0.863"/>
  <testcase classname="com.shopbot.tests.CartTests" name="verifyCartRetainsItemsAfterNavigatingBackToProductListing" time="0.891"/>
  <testcase classname="com.shopbot.tests.CartTests" name="verifyRemoveProductFromCartPage" time="0.808"/>
  <testcase classname="com.shopbot.tests.CheckoutTests" name="verifyCheckoutAcceptsValidCustomerDetails" time="1.683"/>
  <testcase classname="com.shopbot.tests.CheckoutTests" name="verifyCompleteOrderShowsConfirmationMessage" time="1.236"/>
  <testcase classname="com.shopbot.tests.CheckoutTests" name="verifyOrderSummaryShowsCorrectProductName" time="1.176"/>
  <testcase classname="com.shopbot.tests.CheckoutTests" name="verifyOrderSummaryShowsCorrectProductPriceSubtotal" time="1.438"/>
  <testcase classname="com.shopbot.tests.CheckoutTests" name="verifyOrderTotalIsDisplayedOnSummaryPage" time="1.249"/>
  <testcase classname="com.shopbot.tests.ProblemUserTests" name="verifyProblemUserAddProductBehaviorUpdatesCartBadge" time="0.513"/>
  <testcase classname="com.shopbot.tests.ProblemUserTests" name="verifyProblemUserCanLoginToProductListing" time="0.515"/>
  <testcase classname="com.shopbot.tests.ProblemUserTests" name="verifyProblemUserImagesAreNotLoadingCorrectly" time="1.109"/>
  <testcase classname="com.shopbot.tests.ProblemUserTests" name="verifyProblemUserProductDetailShowsBrokenNavigationBehavior" time="0.713"/>
  <testcase classname="com.shopbot.tests.ProblemUserTests" name="verifyProblemUserProductImagesUseBrokenAsset" time="1.058"/>
</testsuite> <!-- SauceDemo Functional Tests -->
