<?xml version="1.0" encoding="UTF-8"?>
<testng-results ignored="0" total="27" passed="27" failed="0" skipped="0">
  <reporter-output>
  </reporter-output>
  <suite started-at="2026-05-11T08:39:32 IST" name="ShopBot SauceDemo Suite" finished-at="2026-05-11T08:40:50 IST" duration-ms="77437">
    <groups>
    </groups>
    <test started-at="2026-05-11T08:39:32 IST" name="SauceDemo Functional Tests" finished-at="2026-05-11T08:40:50 IST" duration-ms="77437">
      <class name="com.shopbot.tests.CartTests">
        <test-method is-config="true" signature="launchApplication()[pri:0, instance:com.shopbot.tests.CartTests@7f3b84b8]" started-at="2026-05-11T08:40:04 IST" name="launchApplication" finished-at="2026-05-11T08:40:06 IST" duration-ms="1474" status="PASS">
          <reporter-output>
          </reporter-output>
        </test-method> <!-- launchApplication -->
        <test-method signature="verifyAddOneProductUpdatesCartBadgeToOne()[pri:0, instance:com.shopbot.tests.CartTests@7f3b84b8]" started-at="2026-05-11T08:40:06 IST" name="verifyAddOneProductUpdatesCartBadgeToOne" finished-at="2026-05-11T08:40:06 IST" duration-ms="660" status="PASS">
          <reporter-output>
          </reporter-output>
        </test-method> <!-- verifyAddOneProductUpdatesCartBadgeToOne -->
        <test-method is-config="true" signature="closeApplication()[pri:0, instance:com.shopbot.tests.CartTests@7f3b84b8]" started-at="2026-05-11T08:40:06 IST" name="closeApplication" finished-at="2026-05-11T08:40:07 IST" duration-ms="386" status="PASS">
          <reporter-output>
          </reporter-output>
        </test-method> <!-- closeApplication -->
        <test-method is-config="true" signature="launchApplication()[pri:0, instance:com.shopbot.tests.CartTests@7f3b84b8]" started-at="2026-05-11T08:40:07 IST" name="launchApplication" finished-at="2026-05-11T08:40:08 IST" duration-ms="1757" status="PASS">
          <reporter-output>
          </reporter-output>
        </test-method> <!-- launchApplication -->
        <test-method signature="verifyAddTwoProductsUpdatesCartBadgeToTwo()[pri:0, instance:com.shopbot.tests.CartTests@7f3b84b8]" started-at="2026-05-11T08:40:08 IST" name="verifyAddTwoProductsUpdatesCartBadgeToTwo" finished-at="2026-05-11T08:40:09 IST" duration-ms="846" status="PASS">
          <reporter-output>
          </reporter-output>
        </test-method> <!-- verifyAddTwoProductsUpdatesCartBadgeToTwo -->
        <test-method is-config="true" signature="closeApplication()[pri:0, instance:com.shopbot.tests.CartTests@7f3b84b8]" started-at="2026-05-11T08:40:09 IST" name="closeApplication" finished-at="2026-05-11T08:40:10 IST" duration-ms="656" status="PASS">
          <reporter-output>
          </reporter-output>
        </test-method> <!-- closeApplication -->
        <test-method is-config="true" signature="launchApplication()[pri:0, instance:com.shopbot.tests.CartTests@7f3b84b8]" started-at="2026-05-11T08:40:10 IST" name="launchApplication" finished-at="2026-05-11T08:40:11 IST" duration-ms="1337" status="PASS">
          <reporter-output>
          </reporter-output>
        </test-method> <!-- launchApplication -->
        <test-method signature="verifyCartPageShowsAddedProductName()[pri:0, instance:com.shopbot.tests.CartTests@7f3b84b8]" started-at="2026-05-11T08:40:11 IST" name="verifyCartPageShowsAddedProductName" finished-at="2026-05-11T08:40:12 IST" duration-ms="863" status="PASS">
          <reporter-output>
          </reporter-output>
        </test-method> <!-- verifyCartPageShowsAddedProductName -->
        <test-method is-config="true" signature="closeApplication()[pri:0, instance:com.shopbot.tests.CartTests@7f3b84b8]" started-at="2026-05-11T08:40:12 IST" name="closeApplication" finished-at="2026-05-11T08:40:13 IST" duration-ms="391" status="PASS">
          <reporter-output>
          </reporter-output>
        </test-method> <!-- closeApplication -->
        <test-method is-config="true" signature="launchApplication()[pri:0, instance:com.shopbot.tests.CartTests@7f3b84b8]" started-at="2026-05-11T08:40:13 IST" name="launchApplication" finished-at="2026-05-11T08:40:14 IST" duration-ms="1710" status="PASS">
          <reporter-output>
          </reporter-output>
        </test-method> <!-- launchApplication -->
        <test-method signature="verifyCartRetainsItemsAfterNavigatingBackToProductListing()[pri:0, instance:com.shopbot.tests.CartTests@7f3b84b8]" started-at="2026-05-11T08:40:14 IST" name="verifyCartRetainsItemsAfterNavigatingBackToProductListing" finished-at="2026-05-11T08:40:15 IST" duration-ms="891" status="PASS">
          <reporter-output>
          </reporter-output>
        </test-method> <!-- verifyCartRetainsItemsAfterNavigatingBackToProductListing -->
        <test-method is-config="true" signature="closeApplication()[pri:0, instance:com.shopbot.tests.CartTests@7f3b84b8]" started-at="2026-05-11T08:40:15 IST" name="closeApplication" finished-at="2026-05-11T08:40:15 IST" duration-ms="223" status="PASS">
          <reporter-output>
          </reporter-output>
        </test-method> <!-- closeApplication -->
        <test-method is-config="true" signature="launchApplication()[pri:0, instance:com.shopbot.tests.CartTests@7f3b84b8]" started-at="2026-05-11T08:40:15 IST" name="launchApplication" finished-at="2026-05-11T08:40:17 IST" duration-ms="1801" status="PASS">
          <reporter-output>
          </reporter-output>
        </test-method> <!-- launchApplication -->
        <test-method signature="verifyRemoveProductFromCartPage()[pri:0, instance:com.shopbot.tests.CartTests@7f3b84b8]" started-at="2026-05-11T08:40:17 IST" name="verifyRemoveProductFromCartPage" finished-at="2026-05-11T08:40:18 IST" duration-ms="808" status="PASS">
          <reporter-output>
          </reporter-output>
        </test-method> <!-- verifyRemoveProductFromCartPage -->
        <test-method is-config="true" signature="closeApplication()[pri:0, instance:com.shopbot.tests.CartTests@7f3b84b8]" started-at="2026-05-11T08:40:18 IST" name="closeApplication" finished-at="2026-05-11T08:40:18 IST" duration-ms="289" status="PASS">
          <reporter-output>
          </reporter-output>
        </test-method> <!-- closeApplication -->
      </class> <!-- com.shopbot.tests.CartTests -->
      <class name="com.shopbot.tests.AuthenticationTests">
        <test-method is-config="true" signature="launchApplication()[pri:0, instance:com.shopbot.tests.AuthenticationTests@79924b]" started-at="2026-05-11T08:39:32 IST" name="launchApplication" finished-at="2026-05-11T08:39:35 IST" duration-ms="2437" status="PASS">
          <reporter-output>
          </reporter-output>
        </test-method> <!-- launchApplication -->
        <test-method signature="verifyEmptyUsernameAndPasswordShowsError()[pri:0, instance:com.shopbot.tests.AuthenticationTests@79924b]" started-at="2026-05-11T08:39:35 IST" name="verifyEmptyUsernameAndPasswordShowsError" finished-at="2026-05-11T08:39:35 IST" duration-ms="578" status="PASS">
          <reporter-output>
          </reporter-output>
        </test-method> <!-- verifyEmptyUsernameAndPasswordShowsError -->
        <test-method is-config="true" signature="closeApplication()[pri:0, instance:com.shopbot.tests.AuthenticationTests@79924b]" started-at="2026-05-11T08:39:35 IST" name="closeApplication" finished-at="2026-05-11T08:39:36 IST" duration-ms="540" status="PASS">
          <reporter-output>
          </reporter-output>
        </test-method> <!-- closeApplication -->
        <test-method is-config="true" signature="launchApplication()[pri:0, instance:com.shopbot.tests.AuthenticationTests@79924b]" started-at="2026-05-11T08:39:36 IST" name="launchApplication" finished-at="2026-05-11T08:39:37 IST" duration-ms="1604" status="PASS">
          <reporter-output>
          </reporter-output>
        </test-method> <!-- launchApplication -->
        <test-method signature="verifyLockedOutUserSeesCorrectError()[pri:0, instance:com.shopbot.tests.AuthenticationTests@79924b]" started-at="2026-05-11T08:39:37 IST" name="verifyLockedOutUserSeesCorrectError" finished-at="2026-05-11T08:39:38 IST" duration-ms="610" status="PASS">
          <reporter-output>
          </reporter-output>
        </test-method> <!-- verifyLockedOutUserSeesCorrectError -->
        <test-method is-config="true" signature="closeApplication()[pri:0, instance:com.shopbot.tests.AuthenticationTests@79924b]" started-at="2026-05-11T08:39:38 IST" name="closeApplication" finished-at="2026-05-11T08:39:38 IST" duration-ms="251" status="PASS">
          <reporter-output>
          </reporter-output>
        </test-method> <!-- closeApplication -->
        <test-method is-config="true" signature="launchApplication()[pri:0, instance:com.shopbot.tests.AuthenticationTests@79924b]" started-at="2026-05-11T08:39:38 IST" name="launchApplication" finished-at="2026-05-11T08:39:40 IST" duration-ms="1417" status="PASS">
          <reporter-output>
          </reporter-output>
        </test-method> <!-- launchApplication -->
        <test-method signature="verifyLoginWithMultipleUserTypes(java.lang.String,boolean,java.lang.String)[pri:0, instance:com.shopbot.tests.AuthenticationTests@79924b]" started-at="2026-05-11T08:39:40 IST" name="verifyLoginWithMultipleUserTypes" data-provider="loginUsers" finished-at="2026-05-11T08:39:40 IST" duration-ms="511" status="PASS">
          <params>
            <param index="0">
              <value>
                <![CDATA[standardUser]]>
              </value>
            </param>
            <param index="1">
              <value>
                <![CDATA[true]]>
              </value>
            </param>
            <param index="2">
              <value>
                <![CDATA[]]>
              </value>
            </param>
          </params>
          <reporter-output>
          </reporter-output>
        </test-method> <!-- verifyLoginWithMultipleUserTypes -->
        <test-method is-config="true" signature="closeApplication()[pri:0, instance:com.shopbot.tests.AuthenticationTests@79924b]" started-at="2026-05-11T08:39:40 IST" name="closeApplication" finished-at="2026-05-11T08:39:41 IST" duration-ms="414" status="PASS">
          <reporter-output>
          </reporter-output>
        </test-method> <!-- closeApplication -->
        <test-method is-config="true" signature="launchApplication()[pri:0, instance:com.shopbot.tests.AuthenticationTests@79924b]" started-at="2026-05-11T08:39:41 IST" name="launchApplication" finished-at="2026-05-11T08:39:42 IST" duration-ms="1417" status="PASS">
          <reporter-output>
          </reporter-output>
        </test-method> <!-- launchApplication -->
        <test-method signature="verifyLoginWithMultipleUserTypes(java.lang.String,boolean,java.lang.String)[pri:0, instance:com.shopbot.tests.AuthenticationTests@79924b]" started-at="2026-05-11T08:39:42 IST" name="verifyLoginWithMultipleUserTypes" data-provider="loginUsers" finished-at="2026-05-11T08:39:42 IST" duration-ms="401" status="PASS">
          <params>
            <param index="0">
              <value>
                <![CDATA[lockedOutUser]]>
              </value>
            </param>
            <param index="1">
              <value>
                <![CDATA[false]]>
              </value>
            </param>
            <param index="2">
              <value>
                <![CDATA[locked out]]>
              </value>
            </param>
          </params>
          <reporter-output>
          </reporter-output>
        </test-method> <!-- verifyLoginWithMultipleUserTypes -->
        <test-method is-config="true" signature="closeApplication()[pri:0, instance:com.shopbot.tests.AuthenticationTests@79924b]" started-at="2026-05-11T08:39:42 IST" name="closeApplication" finished-at="2026-05-11T08:39:43 IST" duration-ms="244" status="PASS">
          <reporter-output>
          </reporter-output>
        </test-method> <!-- closeApplication -->
        <test-method is-config="true" signature="launchApplication()[pri:0, instance:com.shopbot.tests.AuthenticationTests@79924b]" started-at="2026-05-11T08:39:43 IST" name="launchApplication" finished-at="2026-05-11T08:39:44 IST" duration-ms="1541" status="PASS">
          <reporter-output>
          </reporter-output>
        </test-method> <!-- launchApplication -->
        <test-method signature="verifyLoginWithMultipleUserTypes(java.lang.String,boolean,java.lang.String)[pri:0, instance:com.shopbot.tests.AuthenticationTests@79924b]" started-at="2026-05-11T08:39:44 IST" name="verifyLoginWithMultipleUserTypes" data-provider="loginUsers" finished-at="2026-05-11T08:39:45 IST" duration-ms="495" status="PASS">
          <params>
            <param index="0">
              <value>
                <![CDATA[invalidUser]]>
              </value>
            </param>
            <param index="1">
              <value>
                <![CDATA[false]]>
              </value>
            </param>
            <param index="2">
              <value>
                <![CDATA[do not match]]>
              </value>
            </param>
          </params>
          <reporter-output>
          </reporter-output>
        </test-method> <!-- verifyLoginWithMultipleUserTypes -->
        <test-method is-config="true" signature="closeApplication()[pri:0, instance:com.shopbot.tests.AuthenticationTests@79924b]" started-at="2026-05-11T08:39:45 IST" name="closeApplication" finished-at="2026-05-11T08:39:45 IST" duration-ms="302" status="PASS">
          <reporter-output>
          </reporter-output>
        </test-method> <!-- closeApplication -->
        <test-method is-config="true" signature="launchApplication()[pri:0, instance:com.shopbot.tests.AuthenticationTests@79924b]" started-at="2026-05-11T08:39:45 IST" name="launchApplication" finished-at="2026-05-11T08:39:47 IST" duration-ms="1537" status="PASS">
          <reporter-output>
          </reporter-output>
        </test-method> <!-- launchApplication -->
        <test-method signature="verifyLogoutRedirectsToLoginPage()[pri:0, instance:com.shopbot.tests.AuthenticationTests@79924b]" started-at="2026-05-11T08:39:47 IST" name="verifyLogoutRedirectsToLoginPage" finished-at="2026-05-11T08:39:48 IST" duration-ms="1212" status="PASS">
          <reporter-output>
          </reporter-output>
        </test-method> <!-- verifyLogoutRedirectsToLoginPage -->
        <test-method is-config="true" signature="closeApplication()[pri:0, instance:com.shopbot.tests.AuthenticationTests@79924b]" started-at="2026-05-11T08:39:48 IST" name="closeApplication" finished-at="2026-05-11T08:39:48 IST" duration-ms="254" status="PASS">
          <reporter-output>
          </reporter-output>
        </test-method> <!-- closeApplication -->
        <test-method is-config="true" signature="launchApplication()[pri:0, instance:com.shopbot.tests.AuthenticationTests@79924b]" started-at="2026-05-11T08:39:48 IST" name="launchApplication" finished-at="2026-05-11T08:39:51 IST" duration-ms="2831" status="PASS">
          <reporter-output>
          </reporter-output>
        </test-method> <!-- launchApplication -->
        <test-method signature="verifySuccessfulLoginWithStandardUser()[pri:0, instance:com.shopbot.tests.AuthenticationTests@79924b]" started-at="2026-05-11T08:39:51 IST" name="verifySuccessfulLoginWithStandardUser" finished-at="2026-05-11T08:39:51 IST" duration-ms="531" status="PASS">
          <reporter-output>
          </reporter-output>
        </test-method> <!-- verifySuccessfulLoginWithStandardUser -->
        <test-method is-config="true" signature="closeApplication()[pri:0, instance:com.shopbot.tests.AuthenticationTests@79924b]" started-at="2026-05-11T08:39:51 IST" name="closeApplication" finished-at="2026-05-11T08:39:52 IST" duration-ms="201" status="PASS">
          <reporter-output>
          </reporter-output>
        </test-method> <!-- closeApplication -->
      </class> <!-- com.shopbot.tests.AuthenticationTests -->
      <class name="com.shopbot.tests.ProblemUserTests">
        <test-method is-config="true" signature="launchApplication()[pri:0, instance:com.shopbot.tests.ProblemUserTests@2b662a77]" started-at="2026-05-11T08:40:36 IST" name="launchApplication" finished-at="2026-05-11T08:40:38 IST" duration-ms="2461" status="PASS">
          <reporter-output>
          </reporter-output>
        </test-method> <!-- launchApplication -->
        <test-method signature="verifyProblemUserAddProductBehaviorUpdatesCartBadge()[pri:0, instance:com.shopbot.tests.ProblemUserTests@2b662a77]" started-at="2026-05-11T08:40:38 IST" name="verifyProblemUserAddProductBehaviorUpdatesCartBadge" finished-at="2026-05-11T08:40:39 IST" duration-ms="513" status="PASS">
          <reporter-output>
          </reporter-output>
        </test-method> <!-- verifyProblemUserAddProductBehaviorUpdatesCartBadge -->
        <test-method is-config="true" signature="closeApplication()[pri:0, instance:com.shopbot.tests.ProblemUserTests@2b662a77]" started-at="2026-05-11T08:40:39 IST" name="closeApplication" finished-at="2026-05-11T08:40:39 IST" duration-ms="267" status="PASS">
          <reporter-output>
          </reporter-output>
        </test-method> <!-- closeApplication -->
        <test-method is-config="true" signature="launchApplication()[pri:0, instance:com.shopbot.tests.ProblemUserTests@2b662a77]" started-at="2026-05-11T08:40:39 IST" name="launchApplication" finished-at="2026-05-11T08:40:40 IST" duration-ms="1485" status="PASS">
          <reporter-output>
          </reporter-output>
        </test-method> <!-- launchApplication -->
        <test-method signature="verifyProblemUserCanLoginToProductListing()[pri:0, instance:com.shopbot.tests.ProblemUserTests@2b662a77]" started-at="2026-05-11T08:40:40 IST" name="verifyProblemUserCanLoginToProductListing" finished-at="2026-05-11T08:40:41 IST" duration-ms="515" status="PASS">
          <reporter-output>
          </reporter-output>
        </test-method> <!-- verifyProblemUserCanLoginToProductListing -->
        <test-method is-config="true" signature="closeApplication()[pri:0, instance:com.shopbot.tests.ProblemUserTests@2b662a77]" started-at="2026-05-11T08:40:41 IST" name="closeApplication" finished-at="2026-05-11T08:40:41 IST" duration-ms="512" status="PASS">
          <reporter-output>
          </reporter-output>
        </test-method> <!-- closeApplication -->
        <test-method is-config="true" signature="launchApplication()[pri:0, instance:com.shopbot.tests.ProblemUserTests@2b662a77]" started-at="2026-05-11T08:40:41 IST" name="launchApplication" finished-at="2026-05-11T08:40:43 IST" duration-ms="1531" status="PASS">
          <reporter-output>
          </reporter-output>
        </test-method> <!-- launchApplication -->
        <test-method signature="verifyProblemUserImagesAreNotLoadingCorrectly()[pri:0, instance:com.shopbot.tests.ProblemUserTests@2b662a77]" started-at="2026-05-11T08:40:43 IST" name="verifyProblemUserImagesAreNotLoadingCorrectly" finished-at="2026-05-11T08:40:44 IST" duration-ms="1109" status="PASS">
          <reporter-output>
          </reporter-output>
        </test-method> <!-- verifyProblemUserImagesAreNotLoadingCorrectly -->
        <test-method is-config="true" signature="closeApplication()[pri:0, instance:com.shopbot.tests.ProblemUserTests@2b662a77]" started-at="2026-05-11T08:40:44 IST" name="closeApplication" finished-at="2026-05-11T08:40:44 IST" duration-ms="250" status="PASS">
          <reporter-output>
          </reporter-output>
        </test-method> <!-- closeApplication -->
        <test-method is-config="true" signature="launchApplication()[pri:0, instance:com.shopbot.tests.ProblemUserTests@2b662a77]" started-at="2026-05-11T08:40:44 IST" name="launchApplication" finished-at="2026-05-11T08:40:46 IST" duration-ms="1507" status="PASS">
          <reporter-output>
          </reporter-output>
        </test-method> <!-- launchApplication -->
        <test-method signature="verifyProblemUserProductDetailShowsBrokenNavigationBehavior()[pri:0, instance:com.shopbot.tests.ProblemUserTests@2b662a77]" started-at="2026-05-11T08:40:46 IST" name="verifyProblemUserProductDetailShowsBrokenNavigationBehavior" finished-at="2026-05-11T08:40:47 IST" duration-ms="713" status="PASS">
          <reporter-output>
          </reporter-output>
        </test-method> <!-- verifyProblemUserProductDetailShowsBrokenNavigationBehavior -->
        <test-method is-config="true" signature="closeApplication()[pri:0, instance:com.shopbot.tests.ProblemUserTests@2b662a77]" started-at="2026-05-11T08:40:47 IST" name="closeApplication" finished-at="2026-05-11T08:40:47 IST" duration-ms="302" status="PASS">
          <reporter-output>
          </reporter-output>
        </test-method> <!-- closeApplication -->
        <test-method is-config="true" signature="launchApplication()[pri:0, instance:com.shopbot.tests.ProblemUserTests@2b662a77]" started-at="2026-05-11T08:40:47 IST" name="launchApplication" finished-at="2026-05-11T08:40:48 IST" duration-ms="1508" status="PASS">
          <reporter-output>
          </reporter-output>
        </test-method> <!-- launchApplication -->
        <test-method signature="verifyProblemUserProductImagesUseBrokenAsset()[pri:0, instance:com.shopbot.tests.ProblemUserTests@2b662a77]" started-at="2026-05-11T08:40:48 IST" name="verifyProblemUserProductImagesUseBrokenAsset" finished-at="2026-05-11T08:40:49 IST" duration-ms="1058" status="PASS">
          <reporter-output>
          </reporter-output>
        </test-method> <!-- verifyProblemUserProductImagesUseBrokenAsset -->
        <test-method is-config="true" signature="closeApplication()[pri:0, instance:com.shopbot.tests.ProblemUserTests@2b662a77]" started-at="2026-05-11T08:40:49 IST" name="closeApplication" finished-at="2026-05-11T08:40:50 IST" duration-ms="222" status="PASS">
          <reporter-output>
          </reporter-output>
        </test-method> <!-- closeApplication -->
      </class> <!-- com.shopbot.tests.ProblemUserTests -->
      <class name="com.shopbot.tests.ProductTests">
        <test-method is-config="true" signature="launchApplication()[pri:0, instance:com.shopbot.tests.ProductTests@77847718]" started-at="2026-05-11T08:39:52 IST" name="launchApplication" finished-at="2026-05-11T08:39:53 IST" duration-ms="1361" status="PASS">
          <reporter-output>
          </reporter-output>
        </test-method> <!-- launchApplication -->
        <test-method signature="verifyBackNavigationFromProductDetailReturnsToProductListing()[pri:0, instance:com.shopbot.tests.ProductTests@77847718]" started-at="2026-05-11T08:39:53 IST" name="verifyBackNavigationFromProductDetailReturnsToProductListing" finished-at="2026-05-11T08:39:54 IST" duration-ms="668" status="PASS">
          <reporter-output>
          </reporter-output>
        </test-method> <!-- verifyBackNavigationFromProductDetailReturnsToProductListing -->
        <test-method is-config="true" signature="closeApplication()[pri:0, instance:com.shopbot.tests.ProductTests@77847718]" started-at="2026-05-11T08:39:54 IST" name="closeApplication" finished-at="2026-05-11T08:39:54 IST" duration-ms="297" status="PASS">
          <reporter-output>
          </reporter-output>
        </test-method> <!-- closeApplication -->
        <test-method is-config="true" signature="launchApplication()[pri:0, instance:com.shopbot.tests.ProductTests@77847718]" started-at="2026-05-11T08:39:54 IST" name="launchApplication" finished-at="2026-05-11T08:39:56 IST" duration-ms="1650" status="PASS">
          <reporter-output>
          </reporter-output>
        </test-method> <!-- launchApplication -->
        <test-method signature="verifyProductDetailNameAndPriceMatchListing()[pri:0, instance:com.shopbot.tests.ProductTests@77847718]" started-at="2026-05-11T08:39:56 IST" name="verifyProductDetailNameAndPriceMatchListing" finished-at="2026-05-11T08:39:56 IST" duration-ms="847" status="PASS">
          <reporter-output>
          </reporter-output>
        </test-method> <!-- verifyProductDetailNameAndPriceMatchListing -->
        <test-method is-config="true" signature="closeApplication()[pri:0, instance:com.shopbot.tests.ProductTests@77847718]" started-at="2026-05-11T08:39:56 IST" name="closeApplication" finished-at="2026-05-11T08:39:57 IST" duration-ms="263" status="PASS">
          <reporter-output>
          </reporter-output>
        </test-method> <!-- closeApplication -->
        <test-method is-config="true" signature="launchApplication()[pri:0, instance:com.shopbot.tests.ProductTests@77847718]" started-at="2026-05-11T08:39:57 IST" name="launchApplication" finished-at="2026-05-11T08:39:58 IST" duration-ms="1602" status="PASS">
          <reporter-output>
          </reporter-output>
        </test-method> <!-- launchApplication -->
        <test-method signature="verifyProductListingShowsProducts()[pri:0, instance:com.shopbot.tests.ProductTests@77847718]" started-at="2026-05-11T08:39:58 IST" name="verifyProductListingShowsProducts" finished-at="2026-05-11T08:39:59 IST" duration-ms="544" status="PASS">
          <reporter-output>
          </reporter-output>
        </test-method> <!-- verifyProductListingShowsProducts -->
        <test-method is-config="true" signature="closeApplication()[pri:0, instance:com.shopbot.tests.ProductTests@77847718]" started-at="2026-05-11T08:39:59 IST" name="closeApplication" finished-at="2026-05-11T08:39:59 IST" duration-ms="291" status="PASS">
          <reporter-output>
          </reporter-output>
        </test-method> <!-- closeApplication -->
        <test-method is-config="true" signature="launchApplication()[pri:0, instance:com.shopbot.tests.ProductTests@77847718]" started-at="2026-05-11T08:39:59 IST" name="launchApplication" finished-at="2026-05-11T08:40:01 IST" duration-ms="1437" status="PASS">
          <reporter-output>
          </reporter-output>
        </test-method> <!-- launchApplication -->
        <test-method signature="verifySortProductsByNameAToZ()[pri:0, instance:com.shopbot.tests.ProductTests@77847718]" started-at="2026-05-11T08:40:01 IST" name="verifySortProductsByNameAToZ" finished-at="2026-05-11T08:40:01 IST" duration-ms="621" status="PASS">
          <reporter-output>
          </reporter-output>
        </test-method> <!-- verifySortProductsByNameAToZ -->
        <test-method is-config="true" signature="closeApplication()[pri:0, instance:com.shopbot.tests.ProductTests@77847718]" started-at="2026-05-11T08:40:01 IST" name="closeApplication" finished-at="2026-05-11T08:40:02 IST" duration-ms="285" status="PASS">
          <reporter-output>
          </reporter-output>
        </test-method> <!-- closeApplication -->
        <test-method is-config="true" signature="launchApplication()[pri:0, instance:com.shopbot.tests.ProductTests@77847718]" started-at="2026-05-11T08:40:02 IST" name="launchApplication" finished-at="2026-05-11T08:40:03 IST" duration-ms="1556" status="PASS">
          <reporter-output>
          </reporter-output>
        </test-method> <!-- launchApplication -->
        <test-method signature="verifySortProductsByPriceLowToHigh()[pri:0, instance:com.shopbot.tests.ProductTests@77847718]" started-at="2026-05-11T08:40:03 IST" name="verifySortProductsByPriceLowToHigh" finished-at="2026-05-11T08:40:04 IST" duration-ms="683" status="PASS">
          <reporter-output>
          </reporter-output>
        </test-method> <!-- verifySortProductsByPriceLowToHigh -->
        <test-method is-config="true" signature="closeApplication()[pri:0, instance:com.shopbot.tests.ProductTests@77847718]" started-at="2026-05-11T08:40:04 IST" name="closeApplication" finished-at="2026-05-11T08:40:04 IST" duration-ms="426" status="PASS">
          <reporter-output>
          </reporter-output>
        </test-method> <!-- closeApplication -->
      </class> <!-- com.shopbot.tests.ProductTests -->
      <class name="com.shopbot.tests.CheckoutTests">
        <test-method is-config="true" signature="launchApplication()[pri:0, instance:com.shopbot.tests.CheckoutTests@57a3af25]" started-at="2026-05-11T08:40:18 IST" name="launchApplication" finished-at="2026-05-11T08:40:22 IST" duration-ms="3584" status="PASS">
          <reporter-output>
          </reporter-output>
        </test-method> <!-- launchApplication -->
        <test-method signature="verifyCheckoutAcceptsValidCustomerDetails()[pri:0, instance:com.shopbot.tests.CheckoutTests@57a3af25]" started-at="2026-05-11T08:40:22 IST" name="verifyCheckoutAcceptsValidCustomerDetails" finished-at="2026-05-11T08:40:24 IST" duration-ms="1683" status="PASS">
          <reporter-output>
          </reporter-output>
        </test-method> <!-- verifyCheckoutAcceptsValidCustomerDetails -->
        <test-method is-config="true" signature="closeApplication()[pri:0, instance:com.shopbot.tests.CheckoutTests@57a3af25]" started-at="2026-05-11T08:40:24 IST" name="closeApplication" finished-at="2026-05-11T08:40:24 IST" duration-ms="345" status="PASS">
          <reporter-output>
          </reporter-output>
        </test-method> <!-- closeApplication -->
        <test-method is-config="true" signature="launchApplication()[pri:0, instance:com.shopbot.tests.CheckoutTests@57a3af25]" started-at="2026-05-11T08:40:24 IST" name="launchApplication" finished-at="2026-05-11T08:40:25 IST" duration-ms="1352" status="PASS">
          <reporter-output>
          </reporter-output>
        </test-method> <!-- launchApplication -->
        <test-method signature="verifyCompleteOrderShowsConfirmationMessage()[pri:0, instance:com.shopbot.tests.CheckoutTests@57a3af25]" started-at="2026-05-11T08:40:25 IST" name="verifyCompleteOrderShowsConfirmationMessage" finished-at="2026-05-11T08:40:26 IST" duration-ms="1236" status="PASS">
          <reporter-output>
          </reporter-output>
        </test-method> <!-- verifyCompleteOrderShowsConfirmationMessage -->
        <test-method is-config="true" signature="closeApplication()[pri:0, instance:com.shopbot.tests.CheckoutTests@57a3af25]" started-at="2026-05-11T08:40:26 IST" name="closeApplication" finished-at="2026-05-11T08:40:27 IST" duration-ms="258" status="PASS">
          <reporter-output>
          </reporter-output>
        </test-method> <!-- closeApplication -->
        <test-method is-config="true" signature="launchApplication()[pri:0, instance:com.shopbot.tests.CheckoutTests@57a3af25]" started-at="2026-05-11T08:40:27 IST" name="launchApplication" finished-at="2026-05-11T08:40:28 IST" duration-ms="1555" status="PASS">
          <reporter-output>
          </reporter-output>
        </test-method> <!-- launchApplication -->
        <test-method signature="verifyOrderSummaryShowsCorrectProductName()[pri:0, instance:com.shopbot.tests.CheckoutTests@57a3af25]" started-at="2026-05-11T08:40:28 IST" name="verifyOrderSummaryShowsCorrectProductName" finished-at="2026-05-11T08:40:29 IST" duration-ms="1176" status="PASS">
          <reporter-output>
          </reporter-output>
        </test-method> <!-- verifyOrderSummaryShowsCorrectProductName -->
        <test-method is-config="true" signature="closeApplication()[pri:0, instance:com.shopbot.tests.CheckoutTests@57a3af25]" started-at="2026-05-11T08:40:29 IST" name="closeApplication" finished-at="2026-05-11T08:40:30 IST" duration-ms="260" status="PASS">
          <reporter-output>
          </reporter-output>
        </test-method> <!-- closeApplication -->
        <test-method is-config="true" signature="launchApplication()[pri:0, instance:com.shopbot.tests.CheckoutTests@57a3af25]" started-at="2026-05-11T08:40:30 IST" name="launchApplication" finished-at="2026-05-11T08:40:31 IST" duration-ms="1298" status="PASS">
          <reporter-output>
          </reporter-output>
        </test-method> <!-- launchApplication -->
        <test-method signature="verifyOrderSummaryShowsCorrectProductPriceSubtotal()[pri:0, instance:com.shopbot.tests.CheckoutTests@57a3af25]" started-at="2026-05-11T08:40:31 IST" name="verifyOrderSummaryShowsCorrectProductPriceSubtotal" finished-at="2026-05-11T08:40:32 IST" duration-ms="1438" status="PASS">
          <reporter-output>
          </reporter-output>
        </test-method> <!-- verifyOrderSummaryShowsCorrectProductPriceSubtotal -->
        <test-method is-config="true" signature="closeApplication()[pri:0, instance:com.shopbot.tests.CheckoutTests@57a3af25]" started-at="2026-05-11T08:40:32 IST" name="closeApplication" finished-at="2026-05-11T08:40:33 IST" duration-ms="234" status="PASS">
          <reporter-output>
          </reporter-output>
        </test-method> <!-- closeApplication -->
        <test-method is-config="true" signature="launchApplication()[pri:0, instance:com.shopbot.tests.CheckoutTests@57a3af25]" started-at="2026-05-11T08:40:33 IST" name="launchApplication" finished-at="2026-05-11T08:40:34 IST" duration-ms="1364" status="PASS">
          <reporter-output>
          </reporter-output>
        </test-method> <!-- launchApplication -->
        <test-method signature="verifyOrderTotalIsDisplayedOnSummaryPage()[pri:0, instance:com.shopbot.tests.CheckoutTests@57a3af25]" started-at="2026-05-11T08:40:34 IST" name="verifyOrderTotalIsDisplayedOnSummaryPage" finished-at="2026-05-11T08:40:35 IST" duration-ms="1249" status="PASS">
          <reporter-output>
          </reporter-output>
        </test-method> <!-- verifyOrderTotalIsDisplayedOnSummaryPage -->
        <test-method is-config="true" signature="closeApplication()[pri:0, instance:com.shopbot.tests.CheckoutTests@57a3af25]" started-at="2026-05-11T08:40:35 IST" name="closeApplication" finished-at="2026-05-11T08:40:36 IST" duration-ms="396" status="PASS">
          <reporter-output>
          </reporter-output>
        </test-method> <!-- closeApplication -->
      </class> <!-- com.shopbot.tests.CheckoutTests -->
    </test> <!-- SauceDemo Functional Tests -->
  </suite> <!-- ShopBot SauceDemo Suite -->
</testng-results>
