<?xml version="1.0" encoding="UTF-8"?>
<!-- Generated by org.testng.reporters.JUnitReportReporter -->
<testsuite hostname="Yogesh" failures="0" tests="5" name="com.shopbot.tests.CheckoutTests" time="17.428" errors="0" timestamp="2026-05-11T08:40:50 IST" skipped="0">
  <testcase classname="com.shopbot.tests.CheckoutTests" name="verifyCompleteOrderShowsConfirmationMessage" time="2.945"/>
  <testcase classname="com.shopbot.tests.CheckoutTests" name="verifyOrderSummaryShowsCorrectProductPriceSubtotal" time="3.048"/>
  <testcase classname="com.shopbot.tests.CheckoutTests" name="verifyOrderTotalIsDisplayedOnSummaryPage" time="3.064"/>
  <testcase classname="com.shopbot.tests.CheckoutTests" name="verifyCheckoutAcceptsValidCustomerDetails" time="5.501"/>
  <testcase classname="com.shopbot.tests.CheckoutTests" name="verifyOrderSummaryShowsCorrectProductName" time="2.870"/>
</testsuite> <!-- com.shopbot.tests.CheckoutTests -->
