<?xml version="1.0" encoding="UTF-8"?>
<!-- Generated by org.testng.reporters.JUnitReportReporter -->
<testsuite hostname="Yogesh" failures="0" tests="7" name="com.shopbot.tests.AuthenticationTests" time="19.328" errors="0" timestamp="2026-05-11T08:40:50 IST" skipped="0">
  <testcase classname="com.shopbot.tests.AuthenticationTests" name="verifyLoginWithMultipleUserTypes" time="3.586"/>
  <testcase classname="com.shopbot.tests.AuthenticationTests" name="verifyLogoutRedirectsToLoginPage" time="3.169"/>
  <testcase classname="com.shopbot.tests.AuthenticationTests" name="verifyLockedOutUserSeesCorrectError" time="2.329"/>
  <testcase classname="com.shopbot.tests.AuthenticationTests" name="verifyEmptyUsernameAndPasswordShowsError" time="2.370"/>
  <testcase classname="com.shopbot.tests.AuthenticationTests" name="verifyLoginWithMultipleUserTypes" time="2.233"/>
  <testcase classname="com.shopbot.tests.AuthenticationTests" name="verifySuccessfulLoginWithStandardUser" time="3.222"/>
  <testcase classname="com.shopbot.tests.AuthenticationTests" name="verifyLoginWithMultipleUserTypes" time="2.419"/>
</testsuite> <!-- com.shopbot.tests.AuthenticationTests -->
