<?xml version="1.0" encoding="UTF-8"?>
<!-- Generated by org.testng.reporters.JUnitReportReporter -->
<testsuite hostname="Yogesh" failures="0" tests="5" name="com.shopbot.tests.ProductTests" time="12.531" errors="0" timestamp="2026-05-11T08:40:50 IST" skipped="0">
  <testcase classname="com.shopbot.tests.ProductTests" name="verifyBackNavigationFromProductDetailReturnsToProductListing" time="2.515"/>
  <testcase classname="com.shopbot.tests.ProductTests" name="verifyProductDetailNameAndPriceMatchListing" time="2.634"/>
  <testcase classname="com.shopbot.tests.ProductTests" name="verifySortProductsByNameAToZ" time="2.556"/>
  <testcase classname="com.shopbot.tests.ProductTests" name="verifyProductListingShowsProducts" time="2.443"/>
  <testcase classname="com.shopbot.tests.ProductTests" name="verifySortProductsByPriceLowToHigh" time="2.383"/>
</testsuite> <!-- com.shopbot.tests.ProductTests -->
