<?xml version="1.0" encoding="UTF-8"?>
<!-- Generated by org.testng.reporters.JUnitReportReporter -->
<testsuite hostname="Yogesh" failures="0" tests="5" name="com.shopbot.tests.ProblemUserTests" time="13.953" errors="0" timestamp="2026-05-11T08:40:50 IST" skipped="0">
  <testcase classname="com.shopbot.tests.ProblemUserTests" name="verifyProblemUserImagesAreNotLoadingCorrectly" time="3.872"/>
  <testcase classname="com.shopbot.tests.ProblemUserTests" name="verifyProblemUserProductDetailShowsBrokenNavigationBehavior" time="2.732"/>
  <testcase classname="com.shopbot.tests.ProblemUserTests" name="verifyProblemUserCanLoginToProductListing" time="2.250"/>
  <testcase classname="com.shopbot.tests.ProblemUserTests" name="verifyProblemUserProductImagesUseBrokenAsset" time="2.788"/>
  <testcase classname="com.shopbot.tests.ProblemUserTests" name="verifyProblemUserAddProductBehaviorUpdatesCartBadge" time="2.311"/>
</testsuite> <!-- com.shopbot.tests.ProblemUserTests -->
