<?xml version="1.0" encoding="UTF-8"?>
<!-- Generated by org.testng.reporters.JUnitReportReporter -->
<testsuite hostname="Yogesh" failures="0" tests="5" name="com.shopbot.tests.CartTests" time="14.092" errors="0" timestamp="2026-05-11T08:40:50 IST" skipped="0">
  <testcase classname="com.shopbot.tests.CartTests" name="verifyRemoveProductFromCartPage" time="2.673"/>
  <testcase classname="com.shopbot.tests.CartTests" name="verifyAddOneProductUpdatesCartBadgeToOne" time="2.847"/>
  <testcase classname="com.shopbot.tests.CartTests" name="verifyCartPageShowsAddedProductName" time="2.856"/>
  <testcase classname="com.shopbot.tests.CartTests" name="verifyAddTwoProductsUpdatesCartBadgeToTwo" time="2.892"/>
  <testcase classname="com.shopbot.tests.CartTests" name="verifyCartRetainsItemsAfterNavigatingBackToProductListing" time="2.824"/>
</testsuite> <!-- com.shopbot.tests.CartTests -->
